<?xml version="1.0" encoding="UTF-8"?>
<!-- Generated by org.testng.reporters.JUnitXMLReporter -->
<testsuite ignored="0" hostname="MANSINGH" failures="1" tests="2" name="MarketingSuite" time="0.073" errors="0" timestamp="2023-11-11T08:59:14 IST">
  <testcase classname="com.eva.vtiger.base.TestCase" name="test1" time="0.018">
    <failure type="java.lang.AssertionError" message="expected [abc] but found [xyz]">
      <![CDATA[java.lang.AssertionError: expected [abc] but found [xyz]
at com.eva.vtiger.base.TestCase.test1(TestCase.java:12)
at java.base/java.util.ArrayList.forEach(ArrayList.java:1511)
... Removed 31 stack frames]]>
    </failure>
  </testcase> <!-- test1 -->
  <testcase classname="com.eva.vtiger.base.TestCase" name="test2" time="0.002"/>
</testsuite> <!-- MarketingSuite -->
