<?xml version="1.0" encoding="UTF-8"?>
<testng-results ignored="0" total="2" passed="2" failed="0" skipped="0">
  <reporter-output>
  </reporter-output>
  <suite started-at="2023-12-18T22:09:47 IST" name="Default suite" finished-at="2023-12-18T22:09:47 IST" duration-ms="74">
    <groups>
    </groups>
    <test started-at="2023-12-18T22:09:47 IST" name="Default test" finished-at="2023-12-18T22:09:47 IST" duration-ms="74">
      <class name="com.eva.vtiger.base.DataProviderConcept">
        <test-method signature="testMethod(java.lang.String,java.lang.String)[pri:0, instance:com.eva.vtiger.base.DataProviderConcept@4f6ee6e4]" started-at="2023-12-18T22:09:47 IST" name="testMethod" data-provider="TestData" finished-at="2023-12-18T22:09:47 IST" duration-ms="16" status="PASS">
          <params>
            <param index="0">
              <value>
                <![CDATA[hi]]>
              </value>
            </param>
            <param index="1">
              <value>
                <![CDATA[hello]]>
              </value>
            </param>
          </params>
          <reporter-output>
          </reporter-output>
        </test-method> <!-- testMethod -->
        <test-method signature="testMethod(java.lang.String,java.lang.String)[pri:0, instance:com.eva.vtiger.base.DataProviderConcept@4f6ee6e4]" started-at="2023-12-18T22:09:47 IST" name="testMethod" data-provider="TestData" finished-at="2023-12-18T22:09:47 IST" duration-ms="3" status="PASS">
          <params>
            <param index="0">
              <value>
                <![CDATA[hiiiii]]>
              </value>
            </param>
            <param index="1">
              <value>
                <![CDATA[helloooo]]>
              </value>
            </param>
          </params>
          <reporter-output>
          </reporter-output>
        </test-method> <!-- testMethod -->
      </class> <!-- com.eva.vtiger.base.DataProviderConcept -->
    </test> <!-- Default test -->
  </suite> <!-- Default suite -->
</testng-results>
